c:\users\tweex\dropbox\cours\s4\lifap\projet\git\sudoku3-lifap4\obj\vc142.pdb
c:\users\tweex\dropbox\cours\s4\lifap\projet\git\sudoku3-lifap4\obj\txt_pasapas.obj
c:\users\tweex\dropbox\cours\s4\lifap\projet\git\sudoku3-lifap4\obj\txt_classique.obj
c:\users\tweex\dropbox\cours\s4\lifap\projet\git\sudoku3-lifap4\obj\txt_1vs1.obj
c:\users\tweex\dropbox\cours\s4\lifap\projet\git\sudoku3-lifap4\obj\sdlclassique.obj
c:\users\tweex\dropbox\cours\s4\lifap\projet\git\sudoku3-lifap4\obj\main_sdl.obj
c:\users\tweex\dropbox\cours\s4\lifap\projet\git\sudoku3-lifap4\obj\tabcases2dtas.obj
c:\users\tweex\dropbox\cours\s4\lifap\projet\git\sudoku3-lifap4\obj\sauvegarde.obj
c:\users\tweex\dropbox\cours\s4\lifap\projet\git\sudoku3-lifap4\obj\ligne.obj
c:\users\tweex\dropbox\cours\s4\lifap\projet\git\sudoku3-lifap4\obj\jeu.obj
c:\users\tweex\dropbox\cours\s4\lifap\projet\git\sudoku3-lifap4\obj\grille.obj
c:\users\tweex\dropbox\cours\s4\lifap\projet\git\sudoku3-lifap4\obj\colonne.obj
c:\users\tweex\dropbox\cours\s4\lifap\projet\git\sudoku3-lifap4\obj\case.obj
c:\users\tweex\dropbox\cours\s4\lifap\projet\git\sudoku3-lifap4\obj\carre.obj
c:\users\tweex\dropbox\cours\s4\lifap\projet\git\sudoku3-lifap4\obj\main_txt.obj
c:\users\tweex\dropbox\cours\s4\lifap\projet\git\sudoku3-lifap4\bin\sudoku.exe
c:\users\tweex\dropbox\cours\s4\lifap\projet\git\sudoku3-lifap4\obj\sudoku.tlog\cl.command.1.tlog
c:\users\tweex\dropbox\cours\s4\lifap\projet\git\sudoku3-lifap4\obj\sudoku.tlog\cl.read.1.tlog
c:\users\tweex\dropbox\cours\s4\lifap\projet\git\sudoku3-lifap4\obj\sudoku.tlog\cl.write.1.tlog
c:\users\tweex\dropbox\cours\s4\lifap\projet\git\sudoku3-lifap4\obj\sudoku.tlog\link.command.1.tlog
c:\users\tweex\dropbox\cours\s4\lifap\projet\git\sudoku3-lifap4\obj\sudoku.tlog\link.read.1.tlog
c:\users\tweex\dropbox\cours\s4\lifap\projet\git\sudoku3-lifap4\obj\sudoku.tlog\link.write.1.tlog
